C:\USERS\TAMIR\DOCUMENTS\VISUAL STUDIO 2012\PROJECTS\GLFW2D\GLFW2D\DEBUG\DISPLAY.OBJ
C:\USERS\TAMIR\DOCUMENTS\VISUAL STUDIO 2012\PROJECTS\GLFW2D\GLFW2D\DEBUG\MAIN.OBJ
C:\USERS\TAMIR\DOCUMENTS\VISUAL STUDIO 2012\PROJECTS\GLFW2D\GLFW2D\DEBUG\VC110.PDB
C:\USERS\TAMIR\DOCUMENTS\VISUAL STUDIO 2012\PROJECTS\GLFW2D\DEBUG\GLFW2D.ILK
C:\USERS\TAMIR\DOCUMENTS\VISUAL STUDIO 2012\PROJECTS\GLFW2D\DEBUG\GLFW2D.EXE
C:\USERS\TAMIR\DOCUMENTS\VISUAL STUDIO 2012\PROJECTS\GLFW2D\DEBUG\GLFW2D.PDB
C:\Users\tamir\Documents\Visual Studio 2012\Projects\glfw2D\glfw2D\Debug\glfw2D.vcxprojResolveAssemblyReference.cache
C:\Users\tamir\Documents\Visual Studio 2012\Projects\glfw2D\glfw2D\Debug\display.obj
C:\Users\tamir\Documents\Visual Studio 2012\Projects\glfw2D\glfw2D\Debug\main.obj
C:\Users\tamir\Documents\Visual Studio 2012\Projects\glfw2D\glfw2D\Debug\cl.command.1.tlog
C:\Users\tamir\Documents\Visual Studio 2012\Projects\glfw2D\glfw2D\Debug\CL.read.1.tlog
C:\Users\tamir\Documents\Visual Studio 2012\Projects\glfw2D\glfw2D\Debug\CL.write.1.tlog
C:\Users\tamir\Documents\Visual Studio 2012\Projects\glfw2D\glfw2D\Debug\link-cvtres.read.1.tlog
C:\Users\tamir\Documents\Visual Studio 2012\Projects\glfw2D\glfw2D\Debug\link-cvtres.write.1.tlog
C:\Users\tamir\Documents\Visual Studio 2012\Projects\glfw2D\glfw2D\Debug\link-rc.read.1.tlog
C:\Users\tamir\Documents\Visual Studio 2012\Projects\glfw2D\glfw2D\Debug\link-rc.write.1.tlog
C:\Users\tamir\Documents\Visual Studio 2012\Projects\glfw2D\glfw2D\Debug\link.10440-cvtres.read.1.tlog
C:\Users\tamir\Documents\Visual Studio 2012\Projects\glfw2D\glfw2D\Debug\link.10440-cvtres.write.1.tlog
C:\Users\tamir\Documents\Visual Studio 2012\Projects\glfw2D\glfw2D\Debug\link.10440-rc.read.1.tlog
C:\Users\tamir\Documents\Visual Studio 2012\Projects\glfw2D\glfw2D\Debug\link.10440-rc.write.1.tlog
C:\Users\tamir\Documents\Visual Studio 2012\Projects\glfw2D\glfw2D\Debug\link.10440.read.1.tlog
C:\Users\tamir\Documents\Visual Studio 2012\Projects\glfw2D\glfw2D\Debug\link.10440.write.1.tlog
C:\Users\tamir\Documents\Visual Studio 2012\Projects\glfw2D\glfw2D\Debug\link.10596-cvtres.read.1.tlog
C:\Users\tamir\Documents\Visual Studio 2012\Projects\glfw2D\glfw2D\Debug\link.10596-cvtres.write.1.tlog
C:\Users\tamir\Documents\Visual Studio 2012\Projects\glfw2D\glfw2D\Debug\link.10596-rc.read.1.tlog
C:\Users\tamir\Documents\Visual Studio 2012\Projects\glfw2D\glfw2D\Debug\link.10596-rc.write.1.tlog
C:\Users\tamir\Documents\Visual Studio 2012\Projects\glfw2D\glfw2D\Debug\link.10596.read.1.tlog
C:\Users\tamir\Documents\Visual Studio 2012\Projects\glfw2D\glfw2D\Debug\link.10596.write.1.tlog
C:\Users\tamir\Documents\Visual Studio 2012\Projects\glfw2D\glfw2D\Debug\link.10604-cvtres.read.1.tlog
C:\Users\tamir\Documents\Visual Studio 2012\Projects\glfw2D\glfw2D\Debug\link.10604-cvtres.write.1.tlog
C:\Users\tamir\Documents\Visual Studio 2012\Projects\glfw2D\glfw2D\Debug\link.10604-rc.read.1.tlog
C:\Users\tamir\Documents\Visual Studio 2012\Projects\glfw2D\glfw2D\Debug\link.10604-rc.write.1.tlog
C:\Users\tamir\Documents\Visual Studio 2012\Projects\glfw2D\glfw2D\Debug\link.10604.read.1.tlog
C:\Users\tamir\Documents\Visual Studio 2012\Projects\glfw2D\glfw2D\Debug\link.10604.write.1.tlog
C:\Users\tamir\Documents\Visual Studio 2012\Projects\glfw2D\glfw2D\Debug\link.11408-cvtres.read.1.tlog
C:\Users\tamir\Documents\Visual Studio 2012\Projects\glfw2D\glfw2D\Debug\link.11408-cvtres.write.1.tlog
C:\Users\tamir\Documents\Visual Studio 2012\Projects\glfw2D\glfw2D\Debug\link.11408-rc.read.1.tlog
C:\Users\tamir\Documents\Visual Studio 2012\Projects\glfw2D\glfw2D\Debug\link.11408-rc.write.1.tlog
C:\Users\tamir\Documents\Visual Studio 2012\Projects\glfw2D\glfw2D\Debug\link.11408.read.1.tlog
C:\Users\tamir\Documents\Visual Studio 2012\Projects\glfw2D\glfw2D\Debug\link.11408.write.1.tlog
C:\Users\tamir\Documents\Visual Studio 2012\Projects\glfw2D\glfw2D\Debug\link.1204-cvtres.read.1.tlog
C:\Users\tamir\Documents\Visual Studio 2012\Projects\glfw2D\glfw2D\Debug\link.1204-cvtres.write.1.tlog
C:\Users\tamir\Documents\Visual Studio 2012\Projects\glfw2D\glfw2D\Debug\link.1204-rc.read.1.tlog
C:\Users\tamir\Documents\Visual Studio 2012\Projects\glfw2D\glfw2D\Debug\link.1204-rc.write.1.tlog
C:\Users\tamir\Documents\Visual Studio 2012\Projects\glfw2D\glfw2D\Debug\link.1204.read.1.tlog
C:\Users\tamir\Documents\Visual Studio 2012\Projects\glfw2D\glfw2D\Debug\link.1204.write.1.tlog
C:\Users\tamir\Documents\Visual Studio 2012\Projects\glfw2D\glfw2D\Debug\link.12460-cvtres.read.1.tlog
C:\Users\tamir\Documents\Visual Studio 2012\Projects\glfw2D\glfw2D\Debug\link.12460-cvtres.write.1.tlog
C:\Users\tamir\Documents\Visual Studio 2012\Projects\glfw2D\glfw2D\Debug\link.12460-rc.read.1.tlog
C:\Users\tamir\Documents\Visual Studio 2012\Projects\glfw2D\glfw2D\Debug\link.12460-rc.write.1.tlog
C:\Users\tamir\Documents\Visual Studio 2012\Projects\glfw2D\glfw2D\Debug\link.12460.read.1.tlog
C:\Users\tamir\Documents\Visual Studio 2012\Projects\glfw2D\glfw2D\Debug\link.12460.write.1.tlog
C:\Users\tamir\Documents\Visual Studio 2012\Projects\glfw2D\glfw2D\Debug\link.13284-cvtres.read.1.tlog
C:\Users\tamir\Documents\Visual Studio 2012\Projects\glfw2D\glfw2D\Debug\link.13284-cvtres.write.1.tlog
C:\Users\tamir\Documents\Visual Studio 2012\Projects\glfw2D\glfw2D\Debug\link.13284-rc.read.1.tlog
C:\Users\tamir\Documents\Visual Studio 2012\Projects\glfw2D\glfw2D\Debug\link.13284-rc.write.1.tlog
C:\Users\tamir\Documents\Visual Studio 2012\Projects\glfw2D\glfw2D\Debug\link.13284.read.1.tlog
C:\Users\tamir\Documents\Visual Studio 2012\Projects\glfw2D\glfw2D\Debug\link.13284.write.1.tlog
C:\Users\tamir\Documents\Visual Studio 2012\Projects\glfw2D\glfw2D\Debug\link.13816-cvtres.read.1.tlog
C:\Users\tamir\Documents\Visual Studio 2012\Projects\glfw2D\glfw2D\Debug\link.13816-cvtres.write.1.tlog
C:\Users\tamir\Documents\Visual Studio 2012\Projects\glfw2D\glfw2D\Debug\link.13816-rc.read.1.tlog
C:\Users\tamir\Documents\Visual Studio 2012\Projects\glfw2D\glfw2D\Debug\link.13816-rc.write.1.tlog
C:\Users\tamir\Documents\Visual Studio 2012\Projects\glfw2D\glfw2D\Debug\link.13816.read.1.tlog
C:\Users\tamir\Documents\Visual Studio 2012\Projects\glfw2D\glfw2D\Debug\link.13816.write.1.tlog
C:\Users\tamir\Documents\Visual Studio 2012\Projects\glfw2D\glfw2D\Debug\link.14840-cvtres.read.1.tlog
C:\Users\tamir\Documents\Visual Studio 2012\Projects\glfw2D\glfw2D\Debug\link.14840-cvtres.write.1.tlog
C:\Users\tamir\Documents\Visual Studio 2012\Projects\glfw2D\glfw2D\Debug\link.14840-rc.read.1.tlog
C:\Users\tamir\Documents\Visual Studio 2012\Projects\glfw2D\glfw2D\Debug\link.14840-rc.write.1.tlog
C:\Users\tamir\Documents\Visual Studio 2012\Projects\glfw2D\glfw2D\Debug\link.14840.read.1.tlog
C:\Users\tamir\Documents\Visual Studio 2012\Projects\glfw2D\glfw2D\Debug\link.14840.write.1.tlog
C:\Users\tamir\Documents\Visual Studio 2012\Projects\glfw2D\glfw2D\Debug\link.15144-cvtres.read.1.tlog
C:\Users\tamir\Documents\Visual Studio 2012\Projects\glfw2D\glfw2D\Debug\link.15144-cvtres.write.1.tlog
C:\Users\tamir\Documents\Visual Studio 2012\Projects\glfw2D\glfw2D\Debug\link.15144-rc.read.1.tlog
C:\Users\tamir\Documents\Visual Studio 2012\Projects\glfw2D\glfw2D\Debug\link.15144-rc.write.1.tlog
C:\Users\tamir\Documents\Visual Studio 2012\Projects\glfw2D\glfw2D\Debug\link.15144.read.1.tlog
C:\Users\tamir\Documents\Visual Studio 2012\Projects\glfw2D\glfw2D\Debug\link.15144.write.1.tlog
C:\Users\tamir\Documents\Visual Studio 2012\Projects\glfw2D\glfw2D\Debug\link.15396-cvtres.read.1.tlog
C:\Users\tamir\Documents\Visual Studio 2012\Projects\glfw2D\glfw2D\Debug\link.15396-cvtres.write.1.tlog
C:\Users\tamir\Documents\Visual Studio 2012\Projects\glfw2D\glfw2D\Debug\link.15396-rc.read.1.tlog
C:\Users\tamir\Documents\Visual Studio 2012\Projects\glfw2D\glfw2D\Debug\link.15396-rc.write.1.tlog
C:\Users\tamir\Documents\Visual Studio 2012\Projects\glfw2D\glfw2D\Debug\link.15396.read.1.tlog
C:\Users\tamir\Documents\Visual Studio 2012\Projects\glfw2D\glfw2D\Debug\link.15396.write.1.tlog
C:\Users\tamir\Documents\Visual Studio 2012\Projects\glfw2D\glfw2D\Debug\link.15772-cvtres.read.1.tlog
C:\Users\tamir\Documents\Visual Studio 2012\Projects\glfw2D\glfw2D\Debug\link.15772-cvtres.write.1.tlog
C:\Users\tamir\Documents\Visual Studio 2012\Projects\glfw2D\glfw2D\Debug\link.15772-rc.read.1.tlog
C:\Users\tamir\Documents\Visual Studio 2012\Projects\glfw2D\glfw2D\Debug\link.15772-rc.write.1.tlog
C:\Users\tamir\Documents\Visual Studio 2012\Projects\glfw2D\glfw2D\Debug\link.15772.read.1.tlog
C:\Users\tamir\Documents\Visual Studio 2012\Projects\glfw2D\glfw2D\Debug\link.15772.write.1.tlog
C:\Users\tamir\Documents\Visual Studio 2012\Projects\glfw2D\glfw2D\Debug\link.16040-cvtres.read.1.tlog
C:\Users\tamir\Documents\Visual Studio 2012\Projects\glfw2D\glfw2D\Debug\link.16040-cvtres.write.1.tlog
C:\Users\tamir\Documents\Visual Studio 2012\Projects\glfw2D\glfw2D\Debug\link.16040-rc.read.1.tlog
C:\Users\tamir\Documents\Visual Studio 2012\Projects\glfw2D\glfw2D\Debug\link.16040-rc.write.1.tlog
C:\Users\tamir\Documents\Visual Studio 2012\Projects\glfw2D\glfw2D\Debug\link.16040.read.1.tlog
C:\Users\tamir\Documents\Visual Studio 2012\Projects\glfw2D\glfw2D\Debug\link.16040.write.1.tlog
C:\Users\tamir\Documents\Visual Studio 2012\Projects\glfw2D\glfw2D\Debug\link.16128-cvtres.read.1.tlog
C:\Users\tamir\Documents\Visual Studio 2012\Projects\glfw2D\glfw2D\Debug\link.16128-cvtres.write.1.tlog
C:\Users\tamir\Documents\Visual Studio 2012\Projects\glfw2D\glfw2D\Debug\link.16128-rc.read.1.tlog
C:\Users\tamir\Documents\Visual Studio 2012\Projects\glfw2D\glfw2D\Debug\link.16128-rc.write.1.tlog
C:\Users\tamir\Documents\Visual Studio 2012\Projects\glfw2D\glfw2D\Debug\link.16128.read.1.tlog
C:\Users\tamir\Documents\Visual Studio 2012\Projects\glfw2D\glfw2D\Debug\link.16128.write.1.tlog
C:\Users\tamir\Documents\Visual Studio 2012\Projects\glfw2D\glfw2D\Debug\link.16496-cvtres.read.1.tlog
C:\Users\tamir\Documents\Visual Studio 2012\Projects\glfw2D\glfw2D\Debug\link.16496-cvtres.write.1.tlog
C:\Users\tamir\Documents\Visual Studio 2012\Projects\glfw2D\glfw2D\Debug\link.16496-rc.read.1.tlog
C:\Users\tamir\Documents\Visual Studio 2012\Projects\glfw2D\glfw2D\Debug\link.16496-rc.write.1.tlog
C:\Users\tamir\Documents\Visual Studio 2012\Projects\glfw2D\glfw2D\Debug\link.16496.read.1.tlog
C:\Users\tamir\Documents\Visual Studio 2012\Projects\glfw2D\glfw2D\Debug\link.16496.write.1.tlog
C:\Users\tamir\Documents\Visual Studio 2012\Projects\glfw2D\glfw2D\Debug\link.16892-cvtres.read.1.tlog
C:\Users\tamir\Documents\Visual Studio 2012\Projects\glfw2D\glfw2D\Debug\link.16892-cvtres.write.1.tlog
C:\Users\tamir\Documents\Visual Studio 2012\Projects\glfw2D\glfw2D\Debug\link.16892-rc.read.1.tlog
C:\Users\tamir\Documents\Visual Studio 2012\Projects\glfw2D\glfw2D\Debug\link.16892-rc.write.1.tlog
C:\Users\tamir\Documents\Visual Studio 2012\Projects\glfw2D\glfw2D\Debug\link.16892.read.1.tlog
C:\Users\tamir\Documents\Visual Studio 2012\Projects\glfw2D\glfw2D\Debug\link.16892.write.1.tlog
C:\Users\tamir\Documents\Visual Studio 2012\Projects\glfw2D\glfw2D\Debug\link.17176-cvtres.read.1.tlog
C:\Users\tamir\Documents\Visual Studio 2012\Projects\glfw2D\glfw2D\Debug\link.17176-cvtres.write.1.tlog
C:\Users\tamir\Documents\Visual Studio 2012\Projects\glfw2D\glfw2D\Debug\link.17176-rc.read.1.tlog
C:\Users\tamir\Documents\Visual Studio 2012\Projects\glfw2D\glfw2D\Debug\link.17176-rc.write.1.tlog
C:\Users\tamir\Documents\Visual Studio 2012\Projects\glfw2D\glfw2D\Debug\link.17176.read.1.tlog
C:\Users\tamir\Documents\Visual Studio 2012\Projects\glfw2D\glfw2D\Debug\link.17176.write.1.tlog
C:\Users\tamir\Documents\Visual Studio 2012\Projects\glfw2D\glfw2D\Debug\link.17616-cvtres.read.1.tlog
C:\Users\tamir\Documents\Visual Studio 2012\Projects\glfw2D\glfw2D\Debug\link.17616-cvtres.write.1.tlog
C:\Users\tamir\Documents\Visual Studio 2012\Projects\glfw2D\glfw2D\Debug\link.17616-rc.read.1.tlog
C:\Users\tamir\Documents\Visual Studio 2012\Projects\glfw2D\glfw2D\Debug\link.17616-rc.write.1.tlog
C:\Users\tamir\Documents\Visual Studio 2012\Projects\glfw2D\glfw2D\Debug\link.17616.read.1.tlog
C:\Users\tamir\Documents\Visual Studio 2012\Projects\glfw2D\glfw2D\Debug\link.17616.write.1.tlog
C:\Users\tamir\Documents\Visual Studio 2012\Projects\glfw2D\glfw2D\Debug\link.17724-cvtres.read.1.tlog
C:\Users\tamir\Documents\Visual Studio 2012\Projects\glfw2D\glfw2D\Debug\link.17724-cvtres.write.1.tlog
C:\Users\tamir\Documents\Visual Studio 2012\Projects\glfw2D\glfw2D\Debug\link.17724-rc.read.1.tlog
C:\Users\tamir\Documents\Visual Studio 2012\Projects\glfw2D\glfw2D\Debug\link.17724-rc.write.1.tlog
C:\Users\tamir\Documents\Visual Studio 2012\Projects\glfw2D\glfw2D\Debug\link.17724.read.1.tlog
C:\Users\tamir\Documents\Visual Studio 2012\Projects\glfw2D\glfw2D\Debug\link.17724.write.1.tlog
C:\Users\tamir\Documents\Visual Studio 2012\Projects\glfw2D\glfw2D\Debug\link.18016-cvtres.read.1.tlog
C:\Users\tamir\Documents\Visual Studio 2012\Projects\glfw2D\glfw2D\Debug\link.18016-cvtres.write.1.tlog
C:\Users\tamir\Documents\Visual Studio 2012\Projects\glfw2D\glfw2D\Debug\link.18016-rc.read.1.tlog
C:\Users\tamir\Documents\Visual Studio 2012\Projects\glfw2D\glfw2D\Debug\link.18016-rc.write.1.tlog
C:\Users\tamir\Documents\Visual Studio 2012\Projects\glfw2D\glfw2D\Debug\link.18016.read.1.tlog
C:\Users\tamir\Documents\Visual Studio 2012\Projects\glfw2D\glfw2D\Debug\link.18016.write.1.tlog
C:\Users\tamir\Documents\Visual Studio 2012\Projects\glfw2D\glfw2D\Debug\link.18048-cvtres.read.1.tlog
C:\Users\tamir\Documents\Visual Studio 2012\Projects\glfw2D\glfw2D\Debug\link.18048-cvtres.write.1.tlog
C:\Users\tamir\Documents\Visual Studio 2012\Projects\glfw2D\glfw2D\Debug\link.18048-rc.read.1.tlog
C:\Users\tamir\Documents\Visual Studio 2012\Projects\glfw2D\glfw2D\Debug\link.18048-rc.write.1.tlog
C:\Users\tamir\Documents\Visual Studio 2012\Projects\glfw2D\glfw2D\Debug\link.18048.read.1.tlog
C:\Users\tamir\Documents\Visual Studio 2012\Projects\glfw2D\glfw2D\Debug\link.18048.write.1.tlog
C:\Users\tamir\Documents\Visual Studio 2012\Projects\glfw2D\glfw2D\Debug\link.18188-cvtres.read.1.tlog
C:\Users\tamir\Documents\Visual Studio 2012\Projects\glfw2D\glfw2D\Debug\link.18188-cvtres.write.1.tlog
C:\Users\tamir\Documents\Visual Studio 2012\Projects\glfw2D\glfw2D\Debug\link.18188-rc.read.1.tlog
C:\Users\tamir\Documents\Visual Studio 2012\Projects\glfw2D\glfw2D\Debug\link.18188-rc.write.1.tlog
C:\Users\tamir\Documents\Visual Studio 2012\Projects\glfw2D\glfw2D\Debug\link.18188.read.1.tlog
C:\Users\tamir\Documents\Visual Studio 2012\Projects\glfw2D\glfw2D\Debug\link.18188.write.1.tlog
C:\Users\tamir\Documents\Visual Studio 2012\Projects\glfw2D\glfw2D\Debug\link.18196-cvtres.read.1.tlog
C:\Users\tamir\Documents\Visual Studio 2012\Projects\glfw2D\glfw2D\Debug\link.18196-cvtres.write.1.tlog
C:\Users\tamir\Documents\Visual Studio 2012\Projects\glfw2D\glfw2D\Debug\link.18196-rc.read.1.tlog
C:\Users\tamir\Documents\Visual Studio 2012\Projects\glfw2D\glfw2D\Debug\link.18196-rc.write.1.tlog
C:\Users\tamir\Documents\Visual Studio 2012\Projects\glfw2D\glfw2D\Debug\link.18196.read.1.tlog
C:\Users\tamir\Documents\Visual Studio 2012\Projects\glfw2D\glfw2D\Debug\link.18196.write.1.tlog
C:\Users\tamir\Documents\Visual Studio 2012\Projects\glfw2D\glfw2D\Debug\link.18596-cvtres.read.1.tlog
C:\Users\tamir\Documents\Visual Studio 2012\Projects\glfw2D\glfw2D\Debug\link.18596-cvtres.write.1.tlog
C:\Users\tamir\Documents\Visual Studio 2012\Projects\glfw2D\glfw2D\Debug\link.18596-rc.read.1.tlog
C:\Users\tamir\Documents\Visual Studio 2012\Projects\glfw2D\glfw2D\Debug\link.18596-rc.write.1.tlog
C:\Users\tamir\Documents\Visual Studio 2012\Projects\glfw2D\glfw2D\Debug\link.18596.read.1.tlog
C:\Users\tamir\Documents\Visual Studio 2012\Projects\glfw2D\glfw2D\Debug\link.18596.write.1.tlog
C:\Users\tamir\Documents\Visual Studio 2012\Projects\glfw2D\glfw2D\Debug\link.19840-cvtres.read.1.tlog
C:\Users\tamir\Documents\Visual Studio 2012\Projects\glfw2D\glfw2D\Debug\link.19840-cvtres.write.1.tlog
C:\Users\tamir\Documents\Visual Studio 2012\Projects\glfw2D\glfw2D\Debug\link.19840-rc.read.1.tlog
C:\Users\tamir\Documents\Visual Studio 2012\Projects\glfw2D\glfw2D\Debug\link.19840-rc.write.1.tlog
C:\Users\tamir\Documents\Visual Studio 2012\Projects\glfw2D\glfw2D\Debug\link.19840.read.1.tlog
C:\Users\tamir\Documents\Visual Studio 2012\Projects\glfw2D\glfw2D\Debug\link.19840.write.1.tlog
C:\Users\tamir\Documents\Visual Studio 2012\Projects\glfw2D\glfw2D\Debug\link.20404-cvtres.read.1.tlog
C:\Users\tamir\Documents\Visual Studio 2012\Projects\glfw2D\glfw2D\Debug\link.20404-cvtres.write.1.tlog
C:\Users\tamir\Documents\Visual Studio 2012\Projects\glfw2D\glfw2D\Debug\link.20404-rc.read.1.tlog
C:\Users\tamir\Documents\Visual Studio 2012\Projects\glfw2D\glfw2D\Debug\link.20404-rc.write.1.tlog
C:\Users\tamir\Documents\Visual Studio 2012\Projects\glfw2D\glfw2D\Debug\link.20404.read.1.tlog
C:\Users\tamir\Documents\Visual Studio 2012\Projects\glfw2D\glfw2D\Debug\link.20404.write.1.tlog
C:\Users\tamir\Documents\Visual Studio 2012\Projects\glfw2D\glfw2D\Debug\link.2064-cvtres.read.1.tlog
C:\Users\tamir\Documents\Visual Studio 2012\Projects\glfw2D\glfw2D\Debug\link.2064-cvtres.write.1.tlog
C:\Users\tamir\Documents\Visual Studio 2012\Projects\glfw2D\glfw2D\Debug\link.2064-rc.read.1.tlog
C:\Users\tamir\Documents\Visual Studio 2012\Projects\glfw2D\glfw2D\Debug\link.2064-rc.write.1.tlog
C:\Users\tamir\Documents\Visual Studio 2012\Projects\glfw2D\glfw2D\Debug\link.2064.read.1.tlog
C:\Users\tamir\Documents\Visual Studio 2012\Projects\glfw2D\glfw2D\Debug\link.2064.write.1.tlog
C:\Users\tamir\Documents\Visual Studio 2012\Projects\glfw2D\glfw2D\Debug\link.3804-cvtres.read.1.tlog
C:\Users\tamir\Documents\Visual Studio 2012\Projects\glfw2D\glfw2D\Debug\link.3804-cvtres.write.1.tlog
C:\Users\tamir\Documents\Visual Studio 2012\Projects\glfw2D\glfw2D\Debug\link.3804-rc.read.1.tlog
C:\Users\tamir\Documents\Visual Studio 2012\Projects\glfw2D\glfw2D\Debug\link.3804-rc.write.1.tlog
C:\Users\tamir\Documents\Visual Studio 2012\Projects\glfw2D\glfw2D\Debug\link.3804.read.1.tlog
C:\Users\tamir\Documents\Visual Studio 2012\Projects\glfw2D\glfw2D\Debug\link.3804.write.1.tlog
C:\Users\tamir\Documents\Visual Studio 2012\Projects\glfw2D\glfw2D\Debug\link.4608-cvtres.read.1.tlog
C:\Users\tamir\Documents\Visual Studio 2012\Projects\glfw2D\glfw2D\Debug\link.4608-cvtres.write.1.tlog
C:\Users\tamir\Documents\Visual Studio 2012\Projects\glfw2D\glfw2D\Debug\link.4608-rc.read.1.tlog
C:\Users\tamir\Documents\Visual Studio 2012\Projects\glfw2D\glfw2D\Debug\link.4608-rc.write.1.tlog
C:\Users\tamir\Documents\Visual Studio 2012\Projects\glfw2D\glfw2D\Debug\link.4608.read.1.tlog
C:\Users\tamir\Documents\Visual Studio 2012\Projects\glfw2D\glfw2D\Debug\link.4608.write.1.tlog
C:\Users\tamir\Documents\Visual Studio 2012\Projects\glfw2D\glfw2D\Debug\link.6052-cvtres.read.1.tlog
C:\Users\tamir\Documents\Visual Studio 2012\Projects\glfw2D\glfw2D\Debug\link.6052-cvtres.write.1.tlog
C:\Users\tamir\Documents\Visual Studio 2012\Projects\glfw2D\glfw2D\Debug\link.6052-rc.read.1.tlog
C:\Users\tamir\Documents\Visual Studio 2012\Projects\glfw2D\glfw2D\Debug\link.6052-rc.write.1.tlog
C:\Users\tamir\Documents\Visual Studio 2012\Projects\glfw2D\glfw2D\Debug\link.6052.read.1.tlog
C:\Users\tamir\Documents\Visual Studio 2012\Projects\glfw2D\glfw2D\Debug\link.6052.write.1.tlog
C:\Users\tamir\Documents\Visual Studio 2012\Projects\glfw2D\glfw2D\Debug\link.6736-cvtres.read.1.tlog
C:\Users\tamir\Documents\Visual Studio 2012\Projects\glfw2D\glfw2D\Debug\link.6736-cvtres.write.1.tlog
C:\Users\tamir\Documents\Visual Studio 2012\Projects\glfw2D\glfw2D\Debug\link.6736-rc.read.1.tlog
C:\Users\tamir\Documents\Visual Studio 2012\Projects\glfw2D\glfw2D\Debug\link.6736-rc.write.1.tlog
C:\Users\tamir\Documents\Visual Studio 2012\Projects\glfw2D\glfw2D\Debug\link.6736.read.1.tlog
C:\Users\tamir\Documents\Visual Studio 2012\Projects\glfw2D\glfw2D\Debug\link.6736.write.1.tlog
C:\Users\tamir\Documents\Visual Studio 2012\Projects\glfw2D\glfw2D\Debug\link.8456-cvtres.read.1.tlog
C:\Users\tamir\Documents\Visual Studio 2012\Projects\glfw2D\glfw2D\Debug\link.8456-cvtres.write.1.tlog
C:\Users\tamir\Documents\Visual Studio 2012\Projects\glfw2D\glfw2D\Debug\link.8456-rc.read.1.tlog
C:\Users\tamir\Documents\Visual Studio 2012\Projects\glfw2D\glfw2D\Debug\link.8456-rc.write.1.tlog
C:\Users\tamir\Documents\Visual Studio 2012\Projects\glfw2D\glfw2D\Debug\link.8456.read.1.tlog
C:\Users\tamir\Documents\Visual Studio 2012\Projects\glfw2D\glfw2D\Debug\link.8456.write.1.tlog
C:\Users\tamir\Documents\Visual Studio 2012\Projects\glfw2D\glfw2D\Debug\link.8468-cvtres.read.1.tlog
C:\Users\tamir\Documents\Visual Studio 2012\Projects\glfw2D\glfw2D\Debug\link.8468-cvtres.write.1.tlog
C:\Users\tamir\Documents\Visual Studio 2012\Projects\glfw2D\glfw2D\Debug\link.8468-rc.read.1.tlog
C:\Users\tamir\Documents\Visual Studio 2012\Projects\glfw2D\glfw2D\Debug\link.8468-rc.write.1.tlog
C:\Users\tamir\Documents\Visual Studio 2012\Projects\glfw2D\glfw2D\Debug\link.8468.read.1.tlog
C:\Users\tamir\Documents\Visual Studio 2012\Projects\glfw2D\glfw2D\Debug\link.8468.write.1.tlog
C:\Users\tamir\Documents\Visual Studio 2012\Projects\glfw2D\glfw2D\Debug\link.9568-cvtres.read.1.tlog
C:\Users\tamir\Documents\Visual Studio 2012\Projects\glfw2D\glfw2D\Debug\link.9568-cvtres.write.1.tlog
C:\Users\tamir\Documents\Visual Studio 2012\Projects\glfw2D\glfw2D\Debug\link.9568-rc.read.1.tlog
C:\Users\tamir\Documents\Visual Studio 2012\Projects\glfw2D\glfw2D\Debug\link.9568-rc.write.1.tlog
C:\Users\tamir\Documents\Visual Studio 2012\Projects\glfw2D\glfw2D\Debug\link.9568.read.1.tlog
C:\Users\tamir\Documents\Visual Studio 2012\Projects\glfw2D\glfw2D\Debug\link.9568.write.1.tlog
C:\Users\tamir\Documents\Visual Studio 2012\Projects\glfw2D\glfw2D\Debug\link.960-cvtres.read.1.tlog
C:\Users\tamir\Documents\Visual Studio 2012\Projects\glfw2D\glfw2D\Debug\link.960-cvtres.write.1.tlog
C:\Users\tamir\Documents\Visual Studio 2012\Projects\glfw2D\glfw2D\Debug\link.960-rc.read.1.tlog
C:\Users\tamir\Documents\Visual Studio 2012\Projects\glfw2D\glfw2D\Debug\link.960-rc.write.1.tlog
C:\Users\tamir\Documents\Visual Studio 2012\Projects\glfw2D\glfw2D\Debug\link.960.read.1.tlog
C:\Users\tamir\Documents\Visual Studio 2012\Projects\glfw2D\glfw2D\Debug\link.960.write.1.tlog
C:\Users\tamir\Documents\Visual Studio 2012\Projects\glfw2D\glfw2D\Debug\link.command.1.tlog
C:\Users\tamir\Documents\Visual Studio 2012\Projects\glfw2D\glfw2D\Debug\link.read.1.tlog
C:\Users\tamir\Documents\Visual Studio 2012\Projects\glfw2D\glfw2D\Debug\link.write.1.tlog
C:\Users\tamir\Documents\Visual Studio 2012\Projects\glfw2D\glfw2D\Debug\vc110.idb
C:\Users\tamir\Documents\Visual Studio 2012\Projects\glfw2D\glfw2D\Debug\vc110.pdb
C:\Users\tamir\Documents\Visual Studio 2012\Projects\glfw2D\Debug\glfw2D.pdb
C:\Users\tamir\Documents\Visual Studio 2012\Projects\glfw2D\Debug\glfw2D.exe
C:\Users\tamir\Documents\Visual Studio 2012\Projects\glfw2D\Debug\glfw2D.ilk
