C:\USERS\TAMIR\DOCUMENTS\VISUAL STUDIO 2012\PROJECTS\GLFW2D\ENGINE2D\DEBUG\MESH.OBJ
C:\USERS\TAMIR\DOCUMENTS\VISUAL STUDIO 2012\PROJECTS\GLFW2D\ENGINE2D\DEBUG\SCENEPARSER.OBJ
C:\USERS\TAMIR\DOCUMENTS\VISUAL STUDIO 2012\PROJECTS\GLFW2D\ENGINE2D\DEBUG\TEXTURE.OBJ
C:\USERS\TAMIR\DOCUMENTS\VISUAL STUDIO 2012\PROJECTS\GLFW2D\ENGINE2D\DEBUG\VC110.PDB
C:\USERS\TAMIR\DOCUMENTS\VISUAL STUDIO 2012\PROJECTS\GLFW2D\ENGINE2D\DEBUG\SHADER.OBJ
C:\USERS\TAMIR\DOCUMENTS\VISUAL STUDIO 2012\PROJECTS\GLFW2D\ENGINE2D\DEBUG\STB_IMAGE.OBJ
C:\USERS\TAMIR\DOCUMENTS\VISUAL STUDIO 2012\PROJECTS\GLFW2D\DEBUG\ENGINE2D.LIB
C:\Users\tamir\Documents\Visual Studio 2012\Projects\glfw2D\engine2D\Debug\mesh.obj
C:\Users\tamir\Documents\Visual Studio 2012\Projects\glfw2D\engine2D\Debug\sceneParser.obj
C:\Users\tamir\Documents\Visual Studio 2012\Projects\glfw2D\engine2D\Debug\shader.obj
C:\Users\tamir\Documents\Visual Studio 2012\Projects\glfw2D\engine2D\Debug\stb_image.obj
C:\Users\tamir\Documents\Visual Studio 2012\Projects\glfw2D\engine2D\Debug\texture.obj
C:\Users\tamir\Documents\Visual Studio 2012\Projects\glfw2D\engine2D\Debug\cl.command.1.tlog
C:\Users\tamir\Documents\Visual Studio 2012\Projects\glfw2D\engine2D\Debug\CL.read.1.tlog
C:\Users\tamir\Documents\Visual Studio 2012\Projects\glfw2D\engine2D\Debug\CL.write.1.tlog
C:\Users\tamir\Documents\Visual Studio 2012\Projects\glfw2D\engine2D\Debug\Lib-link.read.1.tlog
C:\Users\tamir\Documents\Visual Studio 2012\Projects\glfw2D\engine2D\Debug\Lib-link.write.1.tlog
C:\Users\tamir\Documents\Visual Studio 2012\Projects\glfw2D\engine2D\Debug\lib.command.1.tlog
C:\Users\tamir\Documents\Visual Studio 2012\Projects\glfw2D\engine2D\Debug\vc110.idb
C:\Users\tamir\Documents\Visual Studio 2012\Projects\glfw2D\engine2D\Debug\vc110.pdb
C:\Users\tamir\Documents\Visual Studio 2012\Projects\glfw2D\Debug\engine2D.lib
